         w _ITM_deregisterTMCloneTable
         w _ITM_registerTMCloneTable
         w _Jv_RegisterClasses
         w __deregister_frame_info
         w __register_frame_info
00000000 b .LANCHOR1
00000000 b _TLS_MODULE_BASE_
00000000 a shift
00000000 00002000 b tmp_buffer.6665
00001ff8 b .LANCHOR2
00002000 00000401 b __fixedpath
00002404 00000802 b __utf16path
00002c08 00000802 b __utf16path_old.6736
00100000 T __start__
00100000 T _start
00100008 T __service_ptr
0010000c T __apt_appid
00100010 T __heap_size
00100014 T __linear_heap_size
00100018 T __system_arglist
0010001c T __system_runflags
00100020 t startup
00100058 t ClearMem
0010006c t ClrLoop
00100094 T _init
001000ac t deregister_tm_clones
001000dc t register_tm_clones
00100114 t __do_global_dtors_aux
00100158 t frame_dummy
001001b4 T initSystem
001001f8 T __ctru_exit
00100218 00000004 W __aeabi_idiv0
00100218 00000004 W __aeabi_ldiv0
0010021c 00000008 t null_write
00100224 00000018 T setDefaultDevice
0010023c 000000bc T FindDevice
001002f8 0000002c T RemoveDevice
00100324 00000098 T AddDevice
001003bc 00000024 T GetDeviceOpTab
001003e0 00000070 T _sbrk_r
00100450 000001bc T _concatenate_path
0010060c 00000154 T chdir
00100760 000000a0 T getcwd
00100800 00000018 T __libc_lock_init
00100818 00000018 T __libc_lock_acquire
00100830 00000024 T __libc_lock_try_acquire
00100854 00000018 T __libc_lock_release
0010086c 00000018 T __libc_lock_close
00100884 00000018 T __libc_lock_init_recursive
0010089c 00000018 T __libc_lock_acquire_recursive
001008b4 00000024 T __libc_lock_try_acquire_recursive
001008d8 00000018 T __libc_lock_release_recursive
001008f0 00000018 T __libc_lock_close_recursive
00100908 00000028 T __getreent
00100930 t .udivsi3_skip_div0_test
00100930 T __aeabi_uidiv
00100930 000001ec T __udivsi3
00100b1c 00000020 T __aeabi_uidivmod
00100b48 00000390 T strcmp
00100ee0 00000084 T main
00100f64 0000008c t gfxSetFramebufferInfo.part.0
00100ff0 00000018 T __get_bytes_per_pixel
00101008 00000070 T gfxSetFramebufferInfo
00101078 00000088 T gfxWriteFramebufferInfo
00101100 000001d0 T gfxInit
001012d0 00000010 T gfxInitDefault
001012e0 000000e0 T gfxExit
001013c0 000000b0 T gfxGetFramebuffer
00101470 000000cc T gfxFlushBuffers
0010153c 00000070 T gfxConfigScreen
001015ac 00000020 T gfxSwapBuffers
001015cc 00000004 W _aptDebug
001015d0 0000012c T aptSendCommand
001016fc 0000003c t aptExitProcess
00101738 0000004c T APT_InquireNotification
00101784 00000198 t aptEventHandler
0010191c 00000074 T APT_AppletUtility
00101990 000000b0 T aptSetSleepAllowed
00101a40 000000b4 T APT_GlanceParameter
00101af4 000000c0 T APT_ReceiveParameter
00101bb4 000000a8 t aptReceiveParameter.constprop.1
00101c60 000001e0 t aptScreenTransfer
00101e40 00000224 t aptWaitForWakeUp
00102064 00000070 T APT_CancelParameter
001020d4 0000021c T aptInit
001022f0 00000088 t aptClearParamQueue
00102378 00000208 T aptMainLoop
00102580 00000148 T aptExit
001026c8 00000070 T APT_CheckNew3DS
00102738 00000154 t gspEventThreadMain
0010288c 00000074 T gspInit
00102900 0000003c T gspExit
0010293c 00000084 T gspInitEventHandler
001029c0 00000030 T gspExitEventHandler
001029f0 00000044 T gspWaitForEvent
00102a34 0000006c T GSPGPU_SetBufferSwap
00102aa0 0000004c T GSPGPU_FlushDataCache
00102aec 00000034 T GSPGPU_SetLcdForceBlack
00102b20 00000064 T GSPGPU_RegisterInterruptRelayQueue
00102b84 0000002c T GSPGPU_UnregisterInterruptRelayQueue
00102bb0 00000048 T GSPGPU_AcquireRight
00102bf8 0000002c T GSPGPU_ReleaseRight
00102c24 00000080 T GSPGPU_ImportDisplayCaptureInfo
00102ca4 0000002c T GSPGPU_SaveVramSysArea
00102cd0 0000002c T GSPGPU_RestoreVramSysArea
00102cfc 000000d8 T hidExit
00102dd4 00000238 T hidScanInput
0010300c 00000010 T hidKeysDown
0010301c 00000090 T HIDUSER_GetHandles
001030ac 00000184 T hidInit
00103230 000000b0 T irrstScanInput
001032e0 0000001c T irrstKeysHeld
001032fc 00000050 T IRRST_GetHandles
0010334c 00000148 T irrstInit
00103494 0000002c T IRRST_Shutdown
001034c0 000000b0 T irrstExit
00103570 000000f4 T __system_initArgv
00103664 00000038 W __libctru_init
0010369c 00000030 t __ctru_get_reent
001036cc 000000e8 T __system_initSyscalls
001037b4 T svcControlMemory
001037d4 T svcExitProcess
001037dc T svcCreateThread
001037fc T svcExitThread
00103804 T svcSleepThread
0010380c T svcReleaseMutex
00103814 T svcCreateEvent
00103828 T svcSignalEvent
00103830 T svcClearEvent
00103838 T svcMapMemoryBlock
00103840 T svcUnmapMemoryBlock
00103848 T svcCreateAddressArbiter
0010385c T svcArbitrateAddress
00103874 T svcCloseHandle
0010387c T svcWaitSynchronization
00103884 T svcWaitSynchronizationN
001038ac T svcDuplicateHandle
001038c0 T svcGetSystemTick
001038c8 T svcGetSystemInfo
001038e0 T svcConnectToPort
001038f4 T svcSendSyncRequest
001038fc T svcBreak
00103904 00000024 t addrMapNodeComparator(rbtree_node const*, rbtree_node const*)
00103928 00000004 t addrMapNodeDestructor(rbtree_node*)
0010392c 00000140 T linearMemAlign
00103a6c 00000008 T linearAlloc
00103a74 00000050 T linearFree
00103ac4 00000024 t addrMapNodeComparator(rbtree_node const*, rbtree_node const*)
00103ae8 00000004 t addrMapNodeDestructor(rbtree_node*)
00103aec 000000f4 T mappableAlloc
00103be0 00000050 T mappableFree
00103c30 000000a0 T MemPool::CoalesceRight(MemBlock*)
00103cd0 0000018c T MemPool::Allocate(MemChunk&, unsigned long, int)
00103e5c 00000104 T MemPool::Deallocate(MemChunk const&)
00103f60 00000024 t addrMapNodeComparator(rbtree_node const*, rbtree_node const*)
00103f84 00000004 t addrMapNodeDestructor(rbtree_node*)
00103f88 00000130 T vramMemAlign
001040b8 00000008 T vramAlloc
001040c0 00000050 T vramFree
00104110 00000094 T envGetHandle
001041a4 0000004c T envDestroyHandles
001041f0 00000058 t getSysTime
00104248 00000024 T osGetMemRegionUsed
00104270 000000f4 T __libctru_gtod
00104368 00000034 T __ctru_speedup_config
0010439c 00000050 T srvExit
001043ec 00000038 T srvRegisterClient
00104424 00000070 T srvInit
00104494 00000068 T srvGetServiceHandleDirect
001044fc 00000038 T srvGetServiceHandle
00104534 00000034 t LightLock_Unlock.part.1
00104568 0000000c T __sync_init
00104574 00000018 T __sync_fini
0010458c 00000010 T __sync_get_arbiter
0010459c 00000018 T LightLock_Init
001045b4 00000094 T LightLock_Lock
00104648 00000034 T LightLock_TryLock
0010467c 00000020 T LightLock_Unlock
0010469c 00000024 T RecursiveLock_Init
001046c0 00000030 T RecursiveLock_Lock
001046f0 00000058 T RecursiveLock_TryLock
00104748 00000038 T RecursiveLock_Unlock
00104780 00000038 T LightEvent_Init
001047b8 0000007c T LightEvent_Clear
00104834 000000dc T LightEvent_Signal
00104910 000000c8 T LightEvent_Wait
001049d8 000001c8 T threadCreate
00104ba0 00000024 T threadJoin
00104bc4 0000006c T threadExit
00104c30 0000003c t _thread_begin
00104c6c 00000070 T ptmSysmInit
00104cdc 00000034 T ptmSysmExit
00104d10 00000034 T PTMSYSM_ConfigureNew3DSCPU
00104d44 00000070 T rbtree_find
00104db4 00000014 T rbtree_init
00104dc8 000001d4 t do_insert
00104f9c 00000008 T rbtree_insert
00104fa4 0000035c T rbtree_remove
00105300 000000ac T rbtree_rotate
001053ac 00000058 t osGetMemRegionSize
00105404 00000124 W __system_allocateHeaps
00105528 0000001c W __appExit
00105544 0000001c W __appInit
00105560 000000a4 W __libctru_exit
00105604 00000010 t sdmc_link
00105614 00000010 t sdmc_dirreset
00105624 00000010 t sdmc_chmod
00105634 00000010 t sdmc_fchmod
00105644 00000024 t error_cmp
00105668 00000050 t sdmc_translate_error
001056b8 00000034 t sdmc_fsync
001056ec 00000054 t sdmc_ftruncate
00105740 000000ac t sdmc_statvfs
001057ec 00000038 t sdmc_dirclose
00105824 0000013c t sdmc_dirnext
00105960 00000034 t sdmc_close
00105994 00000074 t sdmc_fstat
00105a08 000000c0 t sdmc_seek
00105ac8 0000008c t sdmc_read
00105b54 00000110 t sdmc_write_safe
00105c64 000001b4 t sdmc_utf16path
00105e18 00000074 t sdmc_rmdir
00105e8c 000000a8 t sdmc_diropen
00105f34 000000a0 t sdmc_chdir
00105fd4 00000098 t sdmc_mkdir
0010606c 00000108 t sdmc_rename
00106174 00000074 t sdmc_unlink
001061e8 00000108 t sdmc_stat
001062f0 00000188 t sdmc_open
00106478 0000015c T sdmcInit
001065d4 00000054 T sdmcExit
00106628 00000028 t fsSessionForArchive.part.0
00106650 000000cc T fsInit
0010671c 00000038 T fsExit
00106754 00000074 T fsExemptFromSession
001067c8 00000054 T fsUnexemptFromSession
0010681c 000000bc T FSUSER_OpenFile
001068d8 000000a4 T FSUSER_DeleteFile
0010697c 000000e0 T FSUSER_RenameFile
00106a5c 000000a4 T FSUSER_DeleteDirectory
00106b00 000000bc T FSUSER_CreateFile
00106bbc 000000ac T FSUSER_CreateDirectory
00106c68 000000e0 T FSUSER_RenameDirectory
00106d48 000000a4 T FSUSER_OpenDirectory
00106dec 0000009c T FSUSER_OpenArchive
00106e88 00000074 T FSUSER_CloseArchive
00106efc 00000078 T FSUSER_GetSdmcArchiveResource
00106f74 00000064 T FSUSER_IsSdmcWritable
00106fd8 0000005c T FSFILE_Read
00107034 00000064 T FSFILE_Write
00107098 0000003c T FSFILE_GetSize
001070d4 0000002c T FSFILE_SetSize
00107100 0000003c T FSFILE_Close
0010713c 00000024 T FSFILE_Flush
00107160 00000054 T FSDIR_Read
001071b4 0000003c T FSDIR_Close
001071f0 0000008c T rbtree_node_next
0010727c 00000138 T decode_utf8
001073b4 000000e4 T utf16_to_utf8
00107498 000000bc T utf8_to_utf16
00107554 T __aeabi_read_tp
00107560 00000060 T decode_utf16
001075c0 00000068 T encode_utf16
00107628 00000104 T encode_utf8
0010772c 00000078 T bsearch
001077a4 0000003c T __libc_fini_array
001077e0 00000078 T __libc_init_array
00107858 00000020 T memalign
00107878 0000015c T _memalign_r
001079d4 00000018 T malloc
001079ec 00000018 T free
00107a04 000007a8 T _malloc_r
001081ac 000000f0 T memcpy
0010829c 000000f4 T memset
00108390 0000000c T __malloc_lock
0010839c 0000000c T __malloc_unlock
001083a8 0000005c T strlen
00108404 000000a4 T strncat
001084a8 000000e0 T strncpy
00108588 000000f8 T _malloc_trim_r
00108680 000002e4 T _free_r
00108964 0000015c T strchr
00108ac0 0000011c T strncmp
00108bdc 0000005c T strnlen
00108c38 00000044 T strrchr
00108c7c T _fini
00109000 00000014 r CSWTCH.26
00109014 00000008 r framebufferInfoSt
0010901c 0000000c r serviceNameTable.6245
00109028 00000030 r error_table
00109064 00000068 R dotab_stdnull
001090cc 00000003 R DIRECTORY_PARENT
001090d0 00000002 R DIRECTORY_THIS
001090d4 00000002 R DIRECTORY_SEPARATOR
00109154 00000101 R _ctype_
00109258 r __EH_FRAME_BEGIN__
00109258 R __exidx_end
00109258 R __exidx_start
0010a000 00000001 d topFormat
0010a001 00000001 d botFormat
0010a004 00000008 d doubleBuf
0010a00c 00000004 d aptFlags
0010a010 00000004 d gspLastEvent
0010a014 W __stacksize__
0010a018 00000401 d __cwd
0010a41c 00000068 d sdmc_devoptab
0010a484 00000004 d defaultDevice
0010a488 00000040 D devoptab_list
0010a4c8 00001000 d _current_working_directory
0010b4c8 00000440 d impure_data
0010b908 00000004 D _impure_ptr
0010b90c 00000408 D __malloc_av_
0010bd14 00000004 D __malloc_trim_threshold
0010bd18 00000004 D __malloc_sbrk_base
0010bd1c 0000000c d __malloc_lock_object
0010bd28 00000004 D __ctype_ptr__
0010bd2c d __JCR_LIST__
0010bd2c D __TMC_END__
0010bd2c d __TMC_LIST__
0010bd2c t __frame_dummy_init_array_entry
0010bd2c T __init_array_start
0010bd2c B __preinit_array_end
0010bd2c B __preinit_array_start
0010bd2c D __tdata_lma
0010bd2c D __tdata_lma_end
0010bd30 t __do_global_dtors_aux_fini_array_entry
0010bd30 T __fini_array_start
0010bd30 T __init_array_end
0010bd34 T __bss_start__
0010bd34 T __fini_array_end
0010bd34 b completed.6505
0010bd38 b object.6510
0010bd50 00000001 b enable3d
0010bd54 00000004 b screenFree
0010bd58 00000002 b currentBuffer
0010bd5c 00000004 b aptLockHandle
0010bd60 00000004 b serviceName.6244
0010bd64 0000000c b aptFirstHook
0010bd70 00000004 b aptMessageFunc
0010bd74 00000004 b aptMessageFuncData
0010bd78 0000000c b aptEvents
0010bd84 00000001 b aptHomeButtonState
0010bd88 00000008 b aptSleepEvent
0010bd90 00001000 b aptParameters
0010cd90 00000004 b aptRefCount
0010cd94 00000004 b aptEventHandlerThread
0010cd98 00000001 b flagInit.6595
0010cd99 00000001 b flagValue.6596
0010cd9c 00000001 b gspRunEvents
0010cda0 00000004 b gspEvent
0010cda4 00000004 b gspEventData
0010cda8 0000001c b gspEventCb
0010cdc4 00000007 b gspEventCbOneShot
0010cdcc 0000001c b gspEventCbData
0010cde8 00000038 b gspEvents
0010ce20 0000001c b gspEventCounts
0010ce3c 00000004 b gspRefCount
0010ce40 00000004 b gspEventThread
0010ce44 00000004 b hidRefCount
0010ce48 00000004 b kOld
0010ce4c 00000004 b kHeld
0010ce50 00000004 b cPos
0010ce54 00000004 b tPos
0010ce58 00000006 b aVec
0010ce60 00000006 b gRate
0010ce68 00000004 b kDown
0010ce6c 00000004 b kUp
0010ce70 00000004 b irrstRefCount
0010ce74 00000004 b kHeld
0010ce78 00000004 b csPos
0010ce7c b saved_stack
0010ce84 00000008 b sLinearPool
0010ce8c 0000000c b sAddrMap
0010ce98 00000008 b sMappablePool
0010cea0 0000000c b sAddrMap
0010ceac 00000008 b sVramPool
0010ceb4 0000000c b sAddrMap
0010cec0 00000001 V __ctru_speedup
0010cec4 00000004 b srvRefCount
0010cec8 00000004 b srvHandle
0010cecc 00000004 b arbiter
0010ced0 00000004 b ptmSysmRefCount
0010ced4 00000004 b ptmSysmHandle
0010ced8 00000008 b sdmcArchive
0010cee0 00000001 b sdmcInitialised
0010cee8 00000004 b fsuHandle
0010ceec 00000004 b fsuRefCount
0010cef0 00000080 b fsExemptArchives
0010cf70 00000004 b heap_start.5704
0010cf74 00000004 B fake_heap_start
0010cf78 00000004 B fake_heap_end
0010cf7c 00001000 b temp_cwd
0010df7c 00000038 B __syscalls
0010dfb4 00000004 B __malloc_max_total_mem
0010dfb8 00000004 B __malloc_max_sbrked_mem
0010dfbc 00000004 B __malloc_top_pad
0010dfc0 00000028 B __malloc_current_mallinfo
0010dfe8 00000008 B gfxBottomFramebuffers
0010dff0 00000004 B gspSharedMemHandle
0010dff4 0000001c B bottomFramebufferInfo
0010e010 00000004 B gspEvent
0010e014 00000008 B gfxTopLeftFramebuffers
0010e01c 00000008 B gfxTopRightFramebuffers
0010e024 0000001c B topFramebufferInfo
0010e040 00000001 B gfxThreadID
0010e044 00000004 B gfxSharedMemory
0010e048 00000004 B gxCmdBuf
0010e04c 00000004 B gspGpuHandle
0010e050 00000004 B hidMemHandle
0010e054 00000004 B hidHandle
0010e058 00000004 B hidSharedMem
0010e05c 00000014 B hidEvents
0010e070 00000004 B irrstHandle
0010e074 00000004 B irrstEvent
0010e078 00000004 B irrstMemHandle
0010e07c 00000004 B irrstSharedMem
0010e080 00000004 B __system_argv
0010e084 00000004 B __system_argc
0010e088 00000004 B __system_retAddr
0010e08c 00000004 B __ctru_heap_size
0010e090 00000004 B __ctru_linear_heap
0010e094 00000004 B __ctru_heap
0010e098 00000004 B __ctru_linear_heap_size
0010e09c B __tls_start
001114a8 B __bss_end__
001114a8 A __end__
001114a8 B __tls_end
